<?xml version="1.0" encoding="UTF-8"?>
<!-- Generated by org.testng.reporters.JUnitReportReporter -->
<testsuite hostname="DESKTOP-4ADTTJ9" failures="0" tests="5" name="Academy.ApachePOI.DataDrivenTesting" time="33.951" errors="0" timestamp="2022-04-21T17:47:55 IST" skipped="0">
  <testcase classname="Academy.ApachePOI.DataDrivenTesting" name="cdataEntry" time="7.653"/>
  <system-out/>
  <testcase classname="Academy.ApachePOI.DataDrivenTesting" name="cdataEntry" time="8.024"/>
  <system-out/>
  <testcase classname="Academy.ApachePOI.DataDrivenTesting" name="cdataEntry" time="7.766"/>
  <system-out/>
  <testcase classname="Academy.ApachePOI.DataDrivenTesting" name="basePageNavigation" time="2.232"/>
  <system-out/>
  <testcase classname="Academy.ApachePOI.DataDrivenTesting" name="cdataEntry" time="8.276"/>
  <system-out/>
</testsuite> <!-- Academy.ApachePOI.DataDrivenTesting -->
